DigiCard/Temp/gradleOut/launcher/build/intermediates/manifest_merge_blame_file/release/manifest-merger-blame-release-report.txt
1<?xml version="1.0" encoding="utf-8"?>
2<!-- GENERATED BY UNITY. REMOVE THIS COMMENT TO PREVENT OVERWRITING WHEN EXPORTING AGAIN -->
3<manifest xmlns:android="http://schemas.android.com/apk/res/android"
4    package="com.hmi.digicard"
5    android:installLocation="preferExternal"
6    android:versionCode="1"
7    android:versionName="0.1" >
8
9    <uses-sdk
10        android:minSdkVersion="24"
10-->src\main\AndroidManifest.xml
11        android:targetSdkVersion="29" />
11-->src\main\AndroidManifest.xml
12
13    <supports-screens
13-->src\main\AndroidManifest.xml:4:3-163
14        android:anyDensity="true"
14-->src\main\AndroidManifest.xml:4:135-160
15        android:largeScreens="true"
15-->src\main\AndroidManifest.xml:4:78-105
16        android:normalScreens="true"
16-->src\main\AndroidManifest.xml:4:49-77
17        android:smallScreens="true"
17-->src\main\AndroidManifest.xml:4:21-48
18        android:xlargeScreens="true" />
18-->src\main\AndroidManifest.xml:4:106-134
19
20    <uses-feature android:glEsVersion="0x00030000" />
20-->[:unityLibrary] AndroidManifest.xml:13:5-54
20-->[:unityLibrary] AndroidManifest.xml:13:19-51
21
22    <uses-permission android:name="android.permission.INTERNET" />
22-->[:unityLibrary] AndroidManifest.xml:15:5-67
22-->[:unityLibrary] AndroidManifest.xml:15:22-64
23
24    <uses-feature
24-->[:unityLibrary] AndroidManifest.xml:17:5-19:36
25        android:name="android.hardware.touchscreen"
25-->[:unityLibrary] AndroidManifest.xml:18:9-52
26        android:required="false" />
26-->[:unityLibrary] AndroidManifest.xml:19:9-33
27    <uses-feature
27-->[:unityLibrary] AndroidManifest.xml:20:5-22:36
28        android:name="android.hardware.touchscreen.multitouch"
28-->[:unityLibrary] AndroidManifest.xml:21:9-63
29        android:required="false" />
29-->[:unityLibrary] AndroidManifest.xml:22:9-33
30    <uses-feature
30-->[:unityLibrary] AndroidManifest.xml:23:5-25:36
31        android:name="android.hardware.touchscreen.multitouch.distinct"
31-->[:unityLibrary] AndroidManifest.xml:24:9-72
32        android:required="false" />
32-->[:unityLibrary] AndroidManifest.xml:25:9-33
33
34    <uses-permission android:name="android.permission.CAMERA" />
34-->[:unityLibrary] AndroidManifest.xml:27:5-65
34-->[:unityLibrary] AndroidManifest.xml:27:22-62
35
36    <uses-feature
36-->[:unityLibrary] AndroidManifest.xml:29:5-31:35
37        android:name="android.hardware.camera.ar"
37-->[:unityLibrary] AndroidManifest.xml:30:9-50
38        android:required="true" />
38-->[:unityLibrary] AndroidManifest.xml:31:9-32
39    <uses-feature
39-->[:unityLibrary] AndroidManifest.xml:32:5-34:35
40        android:name="com.google.ar.core.depth"
40-->[:unityLibrary] AndroidManifest.xml:33:9-48
41        android:required="true" />
41-->[:unityLibrary] AndroidManifest.xml:34:9-32
42
43    <queries>
43-->[:arcore_client:] AndroidManifest.xml:29:5-31:15
44        <package android:name="com.google.ar.core" />
44-->[:arcore_client:] AndroidManifest.xml:30:9-54
44-->[:arcore_client:] AndroidManifest.xml:30:18-51
45    </queries>
46
47    <application
47-->src\main\AndroidManifest.xml:5:3-116
48        android:extractNativeLibs="true"
48-->src\main\AndroidManifest.xml:5:16-48
49        android:icon="@mipmap/app_icon"
49-->src\main\AndroidManifest.xml:5:82-113
50        android:label="@string/app_name" >
50-->src\main\AndroidManifest.xml:5:49-81
51        <activity
51-->[:unityLibrary] AndroidManifest.xml:37:9-56:20
52            android:name="com.unity3d.player.UnityPlayerActivity"
52-->[:unityLibrary] AndroidManifest.xml:38:13-66
53            android:configChanges="mcc|mnc|locale|touchscreen|keyboard|keyboardHidden|navigation|orientation|screenLayout|uiMode|screenSize|smallestScreenSize|fontScale|layoutDirection|density"
53-->[:unityLibrary] AndroidManifest.xml:39:13-194
54            android:hardwareAccelerated="false"
54-->[:unityLibrary] AndroidManifest.xml:40:13-48
55            android:launchMode="singleTask"
55-->[:unityLibrary] AndroidManifest.xml:41:13-44
56            android:screenOrientation="landscape"
56-->[:unityLibrary] AndroidManifest.xml:42:13-50
57            android:theme="@style/UnityThemeSelector" >
57-->[:unityLibrary] AndroidManifest.xml:43:13-54
58            <intent-filter>
58-->[:unityLibrary] AndroidManifest.xml:44:13-48:29
59                <action android:name="android.intent.action.MAIN" />
59-->[:unityLibrary] AndroidManifest.xml:45:17-69
59-->[:unityLibrary] AndroidManifest.xml:45:25-66
60
61                <category android:name="android.intent.category.LAUNCHER" />
61-->[:unityLibrary] AndroidManifest.xml:47:17-77
61-->[:unityLibrary] AndroidManifest.xml:47:27-74
62            </intent-filter>
63
64            <meta-data
64-->[:unityLibrary] AndroidManifest.xml:50:13-52:40
65                android:name="unityplayer.UnityActivity"
65-->[:unityLibrary] AndroidManifest.xml:51:17-57
66                android:value="true" />
66-->[:unityLibrary] AndroidManifest.xml:52:17-37
67            <meta-data
67-->[:unityLibrary] AndroidManifest.xml:53:13-55:40
68                android:name="android.notch_support"
68-->[:unityLibrary] AndroidManifest.xml:54:17-53
69                android:value="true" />
69-->[:unityLibrary] AndroidManifest.xml:55:17-37
70        </activity>
71
72        <meta-data
72-->[:unityLibrary] AndroidManifest.xml:58:9-60:33
73            android:name="unity.splash-mode"
73-->[:unityLibrary] AndroidManifest.xml:59:13-45
74            android:value="0" />
74-->[:unityLibrary] AndroidManifest.xml:60:13-30
75        <meta-data
75-->[:unityLibrary] AndroidManifest.xml:61:9-63:36
76            android:name="unity.splash-enable"
76-->[:unityLibrary] AndroidManifest.xml:62:13-47
77            android:value="True" />
77-->[:unityLibrary] AndroidManifest.xml:63:13-33
78        <meta-data
78-->[:unityLibrary] AndroidManifest.xml:64:9-66:50
79            android:name="notch.config"
79-->[:unityLibrary] AndroidManifest.xml:65:13-40
80            android:value="portrait|landscape" />
80-->[:unityLibrary] AndroidManifest.xml:66:13-47
81        <meta-data
81-->[:unityLibrary] AndroidManifest.xml:67:9-69:68
82            android:name="unity.build-id"
82-->[:unityLibrary] AndroidManifest.xml:68:13-42
83            android:value="d07291df-402f-4ee1-8c7f-830bef4146fe" />
83-->[:unityLibrary] AndroidManifest.xml:69:13-65
84        <meta-data
84-->[:unityLibrary] AndroidManifest.xml:70:9-72:36
85            android:name="unityplayer.SkipPermissionsDialog"
85-->[:unityLibrary] AndroidManifest.xml:71:13-61
86            android:value="true" />
86-->[:unityLibrary] AndroidManifest.xml:72:13-33
87        <meta-data
87-->[:unityLibrary] AndroidManifest.xml:73:9-75:40
88            android:name="com.google.ar.core"
88-->[:unityLibrary] AndroidManifest.xml:74:13-46
89            android:value="required" /> <!-- The minimal version code of ARCore APK required for an app using this SDK. -->
89-->[:unityLibrary] AndroidManifest.xml:75:13-37
90        <meta-data
90-->[:arcore_client:] AndroidManifest.xml:36:9-38:41
91            android:name="com.google.ar.core.min_apk_version"
91-->[:arcore_client:] AndroidManifest.xml:37:13-62
92            android:value="202940000" /> <!-- This activity is critical for installing ARCore when it is not already present. -->
92-->[:arcore_client:] AndroidManifest.xml:38:13-38
93        <activity
93-->[:arcore_client:] AndroidManifest.xml:40:9-46:80
94            android:name="com.google.ar.core.InstallActivity"
94-->[:arcore_client:] AndroidManifest.xml:41:13-62
95            android:configChanges="keyboardHidden|orientation|screenSize"
95-->[:arcore_client:] AndroidManifest.xml:42:13-74
96            android:excludeFromRecents="true"
96-->[:arcore_client:] AndroidManifest.xml:43:13-46
97            android:exported="false"
97-->[:arcore_client:] AndroidManifest.xml:44:13-37
98            android:launchMode="singleTop"
98-->[:arcore_client:] AndroidManifest.xml:45:13-43
99            android:theme="@android:style/Theme.Material.Light.Dialog.Alert" />
99-->[:arcore_client:] AndroidManifest.xml:46:13-77
100    </application>
101
102</manifest>